app/build/intermediates/manifest_merge_blame_file/debug/manifest-merger-blame-debug-report.txt
1<?xml version="1.0" encoding="utf-8"?>
2<manifest xmlns:android="http://schemas.android.com/apk/res/android"
3    package="com.voss.todolist"
4    android:versionCode="1"
5    android:versionName="1.0" >
6
7    <uses-sdk
8        android:minSdkVersion="29"
8-->src\main\AndroidManifest.xml
9        android:targetSdkVersion="31" />
9-->src\main\AndroidManifest.xml
10
11    <application
11-->src\main\AndroidManifest.xml:5:5-27:19
12        android:name="com.voss.todolist.DI.MyApplication"
12-->src\main\AndroidManifest.xml:6:9-41
13        android:allowBackup="true"
13-->src\main\AndroidManifest.xml:7:9-35
14        android:appComponentFactory="androidx.core.app.CoreComponentFactory"
14-->[androidx.core:core:1.7.0] AndroidManifest.xml:24:18-86
15        android:debuggable="true"
16        android:extractNativeLibs="false"
17        android:icon="@mipmap/ic_launcher"
17-->src\main\AndroidManifest.xml:8:9-43
18        android:label="@string/app_name"
18-->src\main\AndroidManifest.xml:9:9-41
19        android:roundIcon="@mipmap/ic_launcher_round"
19-->src\main\AndroidManifest.xml:10:9-54
20        android:supportsRtl="true"
20-->src\main\AndroidManifest.xml:11:9-35
21        android:testOnly="true"
22        android:theme="@style/Theme.ToDoList" >
22-->src\main\AndroidManifest.xml:12:9-46
23        <activity
23-->src\main\AndroidManifest.xml:13:9-22:20
24            android:name="com.voss.todolist.SplashActivity"
24-->src\main\AndroidManifest.xml:14:13-43
25            android:exported="true"
25-->src\main\AndroidManifest.xml:16:13-36
26            android:theme="@style/SplashScreenTheme" >
26-->src\main\AndroidManifest.xml:15:13-53
27            <intent-filter>
27-->src\main\AndroidManifest.xml:17:13-21:29
28                <action android:name="android.intent.action.MAIN" />
28-->src\main\AndroidManifest.xml:18:17-69
28-->src\main\AndroidManifest.xml:18:25-66
29
30                <category android:name="android.intent.category.LAUNCHER" />
30-->src\main\AndroidManifest.xml:20:17-77
30-->src\main\AndroidManifest.xml:20:27-74
31            </intent-filter>
32        </activity>
33        <activity
33-->src\main\AndroidManifest.xml:23:9-26:38
34            android:name="com.voss.todolist.MainActivity"
34-->src\main\AndroidManifest.xml:24:13-41
35            android:exported="true"
35-->src\main\AndroidManifest.xml:26:13-36
36            android:screenOrientation="portrait" />
36-->src\main\AndroidManifest.xml:25:13-49
37
38        <uses-library
38-->[androidx.window:window:1.0.0] AndroidManifest.xml:25:9-27:40
39            android:name="androidx.window.extensions"
39-->[androidx.window:window:1.0.0] AndroidManifest.xml:26:13-54
40            android:required="false" />
40-->[androidx.window:window:1.0.0] AndroidManifest.xml:27:13-37
41        <uses-library
41-->[androidx.window:window:1.0.0] AndroidManifest.xml:28:9-30:40
42            android:name="androidx.window.sidecar"
42-->[androidx.window:window:1.0.0] AndroidManifest.xml:29:13-51
43            android:required="false" />
43-->[androidx.window:window:1.0.0] AndroidManifest.xml:30:13-37
44
45        <service
45-->[androidx.room:room-runtime:2.3.0] AndroidManifest.xml:25:9-28:40
46            android:name="androidx.room.MultiInstanceInvalidationService"
46-->[androidx.room:room-runtime:2.3.0] AndroidManifest.xml:26:13-74
47            android:directBootAware="true"
47-->[androidx.room:room-runtime:2.3.0] AndroidManifest.xml:27:13-43
48            android:exported="false" />
48-->[androidx.room:room-runtime:2.3.0] AndroidManifest.xml:28:13-37
49
50        <provider
50-->[androidx.emoji2:emoji2:1.0.0] AndroidManifest.xml:26:9-34:20
51            android:name="androidx.startup.InitializationProvider"
51-->[androidx.emoji2:emoji2:1.0.0] AndroidManifest.xml:27:13-67
52            android:authorities="com.voss.todolist.androidx-startup"
52-->[androidx.emoji2:emoji2:1.0.0] AndroidManifest.xml:28:13-68
53            android:exported="false" >
53-->[androidx.emoji2:emoji2:1.0.0] AndroidManifest.xml:29:13-37
54            <meta-data
54-->[androidx.emoji2:emoji2:1.0.0] AndroidManifest.xml:31:13-33:52
55                android:name="androidx.emoji2.text.EmojiCompatInitializer"
55-->[androidx.emoji2:emoji2:1.0.0] AndroidManifest.xml:32:17-75
56                android:value="androidx.startup" />
56-->[androidx.emoji2:emoji2:1.0.0] AndroidManifest.xml:33:17-49
57            <meta-data
57-->[androidx.lifecycle:lifecycle-process:2.4.0] AndroidManifest.xml:31:13-33:52
58                android:name="androidx.lifecycle.ProcessLifecycleInitializer"
58-->[androidx.lifecycle:lifecycle-process:2.4.0] AndroidManifest.xml:32:17-78
59                android:value="androidx.startup" />
59-->[androidx.lifecycle:lifecycle-process:2.4.0] AndroidManifest.xml:33:17-49
60        </provider>
61    </application>
62
63</manifest>